<?xml version="1.0" encoding="UTF-8"?>
<!-- Generated by org.testng.reporters.JUnitReportReporter -->
<testsuite hostname="anand-HP-EliteBook-8470p" failures="0" tests="1" name="in.apparelStore.testscripts.LoginPageTest" time="4.754" errors="0" timestamp="2021-10-17T12:11:17 IST" skipped="0">
  <testcase classname="in.apparelStore.testscripts.LoginPageTest" name="loginTest" time="4.754"/>
  <system-out/>
</testsuite> <!-- in.apparelStore.testscripts.LoginPageTest -->
