<?xml version="1.0" encoding="UTF-8"?>
<!-- Generated by org.testng.reporters.JUnitReportReporter -->
<testsuite hostname="anand-HP-EliteBook-8470p" failures="0" tests="1" name="in.apparelStore.testscripts.CreateNewAccountTest" time="116.755" errors="0" timestamp="2021-10-18T14:36:12 IST" skipped="0">
  <testcase classname="in.apparelStore.testscripts.CreateNewAccountTest" name="createAccountTest" time="116.755"/>
  <system-out/>
</testsuite> <!-- in.apparelStore.testscripts.CreateNewAccountTest -->
