<?xml version="1.0" encoding="UTF-8"?>
<!-- Generated by org.testng.reporters.JUnitReportReporter -->
<testsuite hostname="anand-HP-EliteBook-8470p" failures="0" tests="1" name="in.apparelStore.testscripts.LoginPageWithValidTest" time="8.754" errors="0" timestamp="2021-10-18T14:36:12 IST" skipped="0">
  <testcase classname="in.apparelStore.testscripts.LoginPageWithValidTest" name="loginTest" time="8.754"/>
  <system-out/>
</testsuite> <!-- in.apparelStore.testscripts.LoginPageWithValidTest -->
