<?xml version="1.0" encoding="UTF-8"?>
<!-- Generated by org.testng.reporters.JUnitReportReporter -->
<testsuite hostname="anand-HP-EliteBook-8470p" failures="0" tests="1" name="in.apparelStore.testscripts.LogoutPageTest" time="6.483" errors="0" timestamp="2021-10-17T13:09:59 IST" skipped="0">
  <testcase classname="in.apparelStore.testscripts.LogoutPageTest" name="loginTest" time="6.483"/>
  <system-out/>
</testsuite> <!-- in.apparelStore.testscripts.LogoutPageTest -->
