<?xml version="1.0" encoding="UTF-8"?>
<!-- Generated by org.testng.reporters.JUnitReportReporter -->
<testsuite hostname="anand-HP-EliteBook-8470p" failures="0" tests="1" name="in.apparelStore.testscripts.ManufactureTest" time="10.793" errors="0" timestamp="2021-10-18T14:36:12 IST" skipped="0">
  <testcase classname="in.apparelStore.testscripts.ManufactureTest" name="manufacturerTest" time="10.793"/>
  <system-out/>
</testsuite> <!-- in.apparelStore.testscripts.ManufactureTest -->
